# JRE version: OpenJDK Runtime Environment Temurin-17.0.4.1+1 (17.0.4.1+1) (build 17.0.4.1+1)
# Java VM: OpenJDK 64-Bit Server VM Temurin-17.0.4.1+1 (17.0.4.1+1, mixed mode, tiered, compressed oops, compressed class ptrs, g1 gc, windows-amd64)
GC Precious Log:
 CPUs: 12 total, 12 available
 Memory: 15791M
 Large Page Support: Disabled
 NUMA Support: Disabled
 Compressed Oops: Enabled (Zero based)
 Heap Region Size: 2M
 Heap Min Capacity: 8M
 Heap Initial Capacity: 248M
 Heap Max Capacity: 3948M
 Pre-touch: Disabled
 Parallel Workers: 10
 Concurrent Workers: 3
 Concurrent Refinement Workers: 10
 Periodic GC: Disabled
Heap:
 garbage-first heap   total 102400K, used 34230K [0x0000000709400000, 0x0000000800000000)
  region size 2048K, 3 young (6144K), 1 survivors (2048K)
 Metaspace       used 69328K, committed 69696K, reserved 1114112K
  class space    used 8629K, committed 8832K, reserved 1048576K
GC Heap History (20 events):
Event: 348.550 GC heap before
{Heap before GC invocations=34 (full 0):
 garbage-first heap   total 102400K, used 86017K [0x0000000709400000, 0x0000000800000000)
  region size 2048K, 29 young (59392K), 2 survivors (4096K)
 Metaspace       used 66401K, committed 66752K, reserved 1114112K
  class space    used 8287K, committed 8448K, reserved 1048576K
}
Event: 348.553 GC heap after
{Heap after GC invocations=35 (full 0):
 garbage-first heap   total 102400K, used 31199K [0x0000000709400000, 0x0000000800000000)
  region size 2048K, 2 young (4096K), 2 survivors (4096K)
 Metaspace       used 66401K, committed 66752K, reserved 1114112K
  class space    used 8287K, committed 8448K, reserved 1048576K
}
Event: 374.839 GC heap before
{Heap before GC invocations=35 (full 0):
 garbage-first heap   total 102400K, used 86495K [0x0000000709400000, 0x0000000800000000)
  region size 2048K, 29 young (59392K), 2 survivors (4096K)
 Metaspace       used 66401K, committed 66752K, reserved 1114112K
  class space    used 8287K, committed 8448K, reserved 1048576K
}
Event: 374.841 GC heap after
{Heap after GC invocations=36 (full 0):
 garbage-first heap   total 102400K, used 31321K [0x0000000709400000, 0x0000000800000000)
  region size 2048K, 2 young (4096K), 2 survivors (4096K)
 Metaspace       used 66401K, committed 66752K, reserved 1114112K
  class space    used 8287K, committed 8448K, reserved 1048576K
}
Event: 389.468 GC heap before
{Heap before GC invocations=36 (full 0):
 garbage-first heap   total 102400K, used 86617K [0x0000000709400000, 0x0000000800000000)
  region size 2048K, 29 young (59392K), 2 survivors (4096K)
 Metaspace       used 69295K, committed 69696K, reserved 1114112K
  class space    used 8628K, committed 8832K, reserved 1048576K
}
Event: 389.470 GC heap after
{Heap after GC invocations=37 (full 0):
 garbage-first heap   total 102400K, used 32201K [0x0000000709400000, 0x0000000800000000)
  region size 2048K, 1 young (2048K), 1 survivors (2048K)
 Metaspace       used 69295K, committed 69696K, reserved 1114112K
  class space    used 8628K, committed 8832K, reserved 1048576K
}
Event: 415.810 GC heap before
{Heap before GC invocations=37 (full 0):
 garbage-first heap   total 102400K, used 87497K [0x0000000709400000, 0x0000000800000000)
  region size 2048K, 28 young (57344K), 1 survivors (2048K)
 Metaspace       used 69295K, committed 69696K, reserved 1114112K
  class space    used 8628K, committed 8832K, reserved 1048576K
}
Event: 415.811 GC heap after
{Heap after GC invocations=38 (full 0):
 garbage-first heap   total 102400K, used 31731K [0x0000000709400000, 0x0000000800000000)
  region size 2048K, 1 young (2048K), 1 survivors (2048K)
 Metaspace       used 69295K, committed 69696K, reserved 1114112K
  class space    used 8628K, committed 8832K, reserved 1048576K
}
Event: 442.584 GC heap before
{Heap before GC invocations=38 (full 0):
 garbage-first heap   total 102400K, used 89075K [0x0000000709400000, 0x0000000800000000)
  region size 2048K, 29 young (59392K), 1 survivors (2048K)
 Metaspace       used 69304K, committed 69696K, reserved 1114112K
  class space    used 8628K, committed 8832K, reserved 1048576K
}
Event: 442.586 GC heap after
{Heap after GC invocations=39 (full 0):
 garbage-first heap   total 102400K, used 31947K [0x0000000709400000, 0x0000000800000000)
  region size 2048K, 1 young (2048K), 1 survivors (2048K)
 Metaspace       used 69304K, committed 69696K, reserved 1114112K
  class space    used 8628K, committed 8832K, reserved 1048576K
}
Event: 469.816 GC heap before
{Heap before GC invocations=39 (full 0):
 garbage-first heap   total 102400K, used 89291K [0x0000000709400000, 0x0000000800000000)
  region size 2048K, 29 young (59392K), 1 survivors (2048K)
 Metaspace       used 69304K, committed 69696K, reserved 1114112K
  class space    used 8628K, committed 8832K, reserved 1048576K
}
Event: 469.817 GC heap after
{Heap after GC invocations=40 (full 0):
 garbage-first heap   total 102400K, used 32134K [0x0000000709400000, 0x0000000800000000)
  region size 2048K, 1 young (2048K), 1 survivors (2048K)
 Metaspace       used 69304K, committed 69696K, reserved 1114112K
  class space    used 8628K, committed 8832K, reserved 1048576K
}
Event: 495.365 GC heap before
{Heap before GC invocations=40 (full 0):
 garbage-first heap   total 102400K, used 87430K [0x0000000709400000, 0x0000000800000000)
  region size 2048K, 28 young (57344K), 1 survivors (2048K)
 Metaspace       used 69304K, committed 69696K, reserved 1114112K
  class space    used 8628K, committed 8832K, reserved 1048576K
}
Event: 495.366 GC heap after
{Heap after GC invocations=41 (full 0):
 garbage-first heap   total 102400K, used 31528K [0x0000000709400000, 0x0000000800000000)
  region size 2048K, 1 young (2048K), 1 survivors (2048K)
 Metaspace       used 69304K, committed 69696K, reserved 1114112K
  class space    used 8628K, committed 8832K, reserved 1048576K
}
Event: 521.663 GC heap before
{Heap before GC invocations=41 (full 0):
 garbage-first heap   total 102400K, used 86824K [0x0000000709400000, 0x0000000800000000)
  region size 2048K, 28 young (57344K), 1 survivors (2048K)
 Metaspace       used 69304K, committed 69696K, reserved 1114112K
  class space    used 8628K, committed 8832K, reserved 1048576K
}
Event: 521.665 GC heap after
{Heap after GC invocations=42 (full 0):
 garbage-first heap   total 102400K, used 31938K [0x0000000709400000, 0x0000000800000000)
  region size 2048K, 1 young (2048K), 1 survivors (2048K)
 Metaspace       used 69304K, committed 69696K, reserved 1114112K
  class space    used 8628K, committed 8832K, reserved 1048576K
}
Event: 547.843 GC heap before
{Heap before GC invocations=42 (full 0):
 garbage-first heap   total 102400K, used 87234K [0x0000000709400000, 0x0000000800000000)
  region size 2048K, 28 young (57344K), 1 survivors (2048K)
 Metaspace       used 69304K, committed 69696K, reserved 1114112K
  class space    used 8628K, committed 8832K, reserved 1048576K
}
Event: 547.845 GC heap after
{Heap after GC invocations=43 (full 0):
 garbage-first heap   total 102400K, used 32148K [0x0000000709400000, 0x0000000800000000)
  region size 2048K, 1 young (2048K), 1 survivors (2048K)
 Metaspace       used 69304K, committed 69696K, reserved 1114112K
  class space    used 8628K, committed 8832K, reserved 1048576K
}
Event: 573.177 GC heap before
{Heap before GC invocations=43 (full 0):
 garbage-first heap   total 102400K, used 87444K [0x0000000709400000, 0x0000000800000000)
  region size 2048K, 28 young (57344K), 1 survivors (2048K)
 Metaspace       used 69304K, committed 69696K, reserved 1114112K
  class space    used 8628K, committed 8832K, reserved 1048576K
}
Event: 573.178 GC heap after
{Heap after GC invocations=44 (full 0):
 garbage-first heap   total 102400K, used 32182K [0x0000000709400000, 0x0000000800000000)
  region size 2048K, 1 young (2048K), 1 survivors (2048K)
 Metaspace       used 69304K, committed 69696K, reserved 1114112K
  class space    used 8628K, committed 8832K, reserved 1048576K
}

