# JRE version: OpenJDK Runtime Environment Temurin-17.0.4.1+1 (17.0.4.1+1) (build 17.0.4.1+1)
# Java VM: OpenJDK 64-Bit Server VM Temurin-17.0.4.1+1 (17.0.4.1+1, mixed mode, tiered, compressed oops, compressed class ptrs, g1 gc, windows-amd64)
GC Precious Log:
 CPUs: 12 total, 12 available
 Memory: 15791M
 Large Page Support: Disabled
 NUMA Support: Disabled
 Compressed Oops: Enabled (Zero based)
 Heap Region Size: 2M
 Heap Min Capacity: 8M
 Heap Initial Capacity: 248M
 Heap Max Capacity: 3948M
 Pre-touch: Disabled
 Parallel Workers: 10
 Concurrent Workers: 3
 Concurrent Refinement Workers: 10
 Periodic GC: Disabled
Heap:
 garbage-first heap   total 96256K, used 52953K [0x0000000709400000, 0x0000000800000000)
  region size 2048K, 11 young (22528K), 3 survivors (6144K)
 Metaspace       used 84527K, committed 85056K, reserved 1130496K
  class space    used 9675K, committed 9920K, reserved 1048576K
GC Heap History (20 events):
Event: 621.823 GC heap before
{Heap before GC invocations=63 (full 3):
 garbage-first heap   total 96256K, used 72015K [0x0000000709400000, 0x0000000800000000)
  region size 2048K, 21 young (43008K), 3 survivors (6144K)
 Metaspace       used 83499K, committed 83968K, reserved 1130496K
  class space    used 9624K, committed 9856K, reserved 1048576K
}
Event: 621.825 GC heap after
{Heap after GC invocations=64 (full 3):
 garbage-first heap   total 96256K, used 36656K [0x0000000709400000, 0x0000000800000000)
  region size 2048K, 3 young (6144K), 3 survivors (6144K)
 Metaspace       used 83499K, committed 83968K, reserved 1130496K
  class space    used 9624K, committed 9856K, reserved 1048576K
}
Event: 638.170 GC heap before
{Heap before GC invocations=64 (full 3):
 garbage-first heap   total 96256K, used 71472K [0x0000000709400000, 0x0000000800000000)
  region size 2048K, 20 young (40960K), 3 survivors (6144K)
 Metaspace       used 83499K, committed 83968K, reserved 1130496K
  class space    used 9624K, committed 9856K, reserved 1048576K
}
Event: 638.172 GC heap after
{Heap after GC invocations=65 (full 3):
 garbage-first heap   total 96256K, used 37035K [0x0000000709400000, 0x0000000800000000)
  region size 2048K, 2 young (4096K), 2 survivors (4096K)
 Metaspace       used 83499K, committed 83968K, reserved 1130496K
  class space    used 9624K, committed 9856K, reserved 1048576K
}
Event: 655.595 GC heap before
{Heap before GC invocations=65 (full 3):
 garbage-first heap   total 96256K, used 73899K [0x0000000709400000, 0x0000000800000000)
  region size 2048K, 20 young (40960K), 2 survivors (4096K)
 Metaspace       used 83499K, committed 83968K, reserved 1130496K
  class space    used 9624K, committed 9856K, reserved 1048576K
}
Event: 655.597 GC heap after
{Heap after GC invocations=66 (full 3):
 garbage-first heap   total 96256K, used 36712K [0x0000000709400000, 0x0000000800000000)
  region size 2048K, 2 young (4096K), 2 survivors (4096K)
 Metaspace       used 83499K, committed 83968K, reserved 1130496K
  class space    used 9624K, committed 9856K, reserved 1048576K
}
Event: 672.945 GC heap before
{Heap before GC invocations=66 (full 3):
 garbage-first heap   total 96256K, used 73576K [0x0000000709400000, 0x0000000800000000)
  region size 2048K, 20 young (40960K), 2 survivors (4096K)
 Metaspace       used 83499K, committed 83968K, reserved 1130496K
  class space    used 9624K, committed 9856K, reserved 1048576K
}
Event: 672.946 GC heap after
{Heap after GC invocations=67 (full 3):
 garbage-first heap   total 96256K, used 36911K [0x0000000709400000, 0x0000000800000000)
  region size 2048K, 2 young (4096K), 2 survivors (4096K)
 Metaspace       used 83499K, committed 83968K, reserved 1130496K
  class space    used 9624K, committed 9856K, reserved 1048576K
}
Event: 690.514 GC heap before
{Heap before GC invocations=67 (full 3):
 garbage-first heap   total 96256K, used 73775K [0x0000000709400000, 0x0000000800000000)
  region size 2048K, 20 young (40960K), 2 survivors (4096K)
 Metaspace       used 83499K, committed 83968K, reserved 1130496K
  class space    used 9624K, committed 9856K, reserved 1048576K
}
Event: 690.515 GC heap after
{Heap after GC invocations=68 (full 3):
 garbage-first heap   total 96256K, used 36839K [0x0000000709400000, 0x0000000800000000)
  region size 2048K, 2 young (4096K), 2 survivors (4096K)
 Metaspace       used 83499K, committed 83968K, reserved 1130496K
  class space    used 9624K, committed 9856K, reserved 1048576K
}
Event: 708.343 GC heap before
{Heap before GC invocations=68 (full 3):
 garbage-first heap   total 96256K, used 75751K [0x0000000709400000, 0x0000000800000000)
  region size 2048K, 21 young (43008K), 2 survivors (4096K)
 Metaspace       used 83549K, committed 84032K, reserved 1130496K
  class space    used 9625K, committed 9856K, reserved 1048576K
}
Event: 708.345 GC heap after
{Heap after GC invocations=69 (full 3):
 garbage-first heap   total 96256K, used 37717K [0x0000000709400000, 0x0000000800000000)
  region size 2048K, 2 young (4096K), 2 survivors (4096K)
 Metaspace       used 83549K, committed 84032K, reserved 1130496K
  class space    used 9625K, committed 9856K, reserved 1048576K
}
Event: 708.370 GC heap before
{Heap before GC invocations=69 (full 3):
 garbage-first heap   total 96256K, used 37717K [0x0000000709400000, 0x0000000800000000)
  region size 2048K, 3 young (6144K), 2 survivors (4096K)
 Metaspace       used 83558K, committed 84032K, reserved 1130496K
  class space    used 9626K, committed 9856K, reserved 1048576K
}
Event: 708.409 GC heap after
{Heap after GC invocations=70 (full 4):
 garbage-first heap   total 96256K, used 30538K [0x0000000709400000, 0x0000000800000000)
  region size 2048K, 0 young (0K), 0 survivors (0K)
 Metaspace       used 83532K, committed 84032K, reserved 1130496K
  class space    used 9622K, committed 9856K, reserved 1048576K
}
Event: 708.865 GC heap before
{Heap before GC invocations=70 (full 4):
 garbage-first heap   total 96256K, used 75594K [0x0000000709400000, 0x0000000800000000)
  region size 2048K, 22 young (45056K), 0 survivors (0K)
 Metaspace       used 83679K, committed 84160K, reserved 1130496K
  class space    used 9638K, committed 9856K, reserved 1048576K
}
Event: 708.867 GC heap after
{Heap after GC invocations=71 (full 4):
 garbage-first heap   total 96256K, used 34040K [0x0000000709400000, 0x0000000800000000)
  region size 2048K, 2 young (4096K), 2 survivors (4096K)
 Metaspace       used 83679K, committed 84160K, reserved 1130496K
  class space    used 9638K, committed 9856K, reserved 1048576K
}
Event: 709.155 GC heap before
{Heap before GC invocations=71 (full 4):
 garbage-first heap   total 96256K, used 75000K [0x0000000709400000, 0x0000000800000000)
  region size 2048K, 22 young (45056K), 2 survivors (4096K)
 Metaspace       used 84080K, committed 84544K, reserved 1130496K
  class space    used 9653K, committed 9856K, reserved 1048576K
}
Event: 709.157 GC heap after
{Heap after GC invocations=72 (full 4):
 garbage-first heap   total 96256K, used 35794K [0x0000000709400000, 0x0000000800000000)
  region size 2048K, 2 young (4096K), 2 survivors (4096K)
 Metaspace       used 84080K, committed 84544K, reserved 1130496K
  class space    used 9653K, committed 9856K, reserved 1048576K
}
Event: 711.489 GC heap before
{Heap before GC invocations=72 (full 4):
 garbage-first heap   total 96256K, used 72658K [0x0000000709400000, 0x0000000800000000)
  region size 2048K, 20 young (40960K), 2 survivors (4096K)
 Metaspace       used 84489K, committed 84992K, reserved 1130496K
  class space    used 9674K, committed 9920K, reserved 1048576K
}
Event: 711.491 GC heap after
{Heap after GC invocations=73 (full 4):
 garbage-first heap   total 96256K, used 38617K [0x0000000709400000, 0x0000000800000000)
  region size 2048K, 3 young (6144K), 3 survivors (6144K)
 Metaspace       used 84489K, committed 84992K, reserved 1130496K
  class space    used 9674K, committed 9920K, reserved 1048576K
}

